[07-Sep-2016 08:12:28 UTC] PHP Fatal error:  Call to undefined method Symfony\Component\Debug\DebugClassLoader::render() in /home/ubuntu/workspace/dev/src/AppBundle/Controller/PrivateController.php on line 29
[07-Sep-2016 08:12:28 UTC] PHP Stack trace:
[07-Sep-2016 08:12:28 UTC] PHP   1. {main}() /home/ubuntu/workspace/dev/web/app_dev.php:0
[07-Sep-2016 08:12:28 UTC] PHP   2. Symfony\Component\HttpKernel\Kernel->handle() /home/ubuntu/workspace/dev/web/app_dev.php:30
[07-Sep-2016 08:12:28 UTC] PHP   3. Symfony\Component\HttpKernel\DependencyInjection\ContainerAwareHttpKernel->handle() /home/ubuntu/workspace/dev/vendor/symfony/symfony/src/Symfony/Component/HttpKernel/Kernel.php:185
[07-Sep-2016 08:12:28 UTC] PHP   4. Symfony\Component\HttpKernel\HttpKernel->handle() /home/ubuntu/workspace/dev/vendor/symfony/symfony/src/Symfony/Component/HttpKernel/DependencyInjection/ContainerAwareHttpKernel.php:69
[07-Sep-2016 08:12:28 UTC] PHP   5. Symfony\Component\HttpKernel\HttpKernel->handleRaw() /home/ubuntu/workspace/dev/vendor/symfony/symfony/src/Symfony/Component/HttpKernel/HttpKernel.php:64
[07-Sep-2016 08:12:28 UTC] PHP   6. Symfony\Component\EventDispatcher\Debug\TraceableEventDispatcher->dispatch() /home/ubuntu/workspace/dev/vendor/symfony/symfony/src/Symfony/Component/HttpKernel/HttpKernel.php:125
[07-Sep-2016 08:12:28 UTC] PHP   7. Symfony\Component\EventDispatcher\EventDispatcher->dispatch() /home/ubuntu/workspace/dev/vendor/symfony/symfony/src/Symfony/Component/EventDispatcher/Debug/TraceableEventDispatcher.php:140
[07-Sep-2016 08:12:28 UTC] PHP   8. Symfony\Component\EventDispatcher\EventDispatcher->doDispatch() /home/ubuntu/workspace/dev/app/cache/dev/classes.php:1773
[07-Sep-2016 08:12:28 UTC] PHP   9. call_user_func:{/home/ubuntu/workspace/dev/app/cache/dev/classes.php:1858}() /home/ubuntu/workspace/dev/app/cache/dev/classes.php:1858
[07-Sep-2016 08:12:28 UTC] PHP  10. Symfony\Component\EventDispatcher\Debug\WrappedListener->__invoke() /home/ubuntu/workspace/dev/app/cache/dev/classes.php:1858
[07-Sep-2016 08:12:28 UTC] PHP  11. call_user_func:{/home/ubuntu/workspace/dev/vendor/symfony/symfony/src/Symfony/Component/EventDispatcher/Debug/WrappedListener.php:61}() /home/ubuntu/workspace/dev/vendor/symfony/symfony/src/Symfony/Component/EventDispatcher/Debug/WrappedListener.php:61
[07-Sep-2016 08:12:28 UTC] PHP  12. Symfony\Component\HttpKernel\EventListener\RouterListener->onKernelRequest() /home/ubuntu/workspace/dev/vendor/symfony/symfony/src/Symfony/Component/EventDispatcher/Debug/WrappedListener.php:61
[07-Sep-2016 08:12:28 UTC] PHP  13. Symfony\Component\Routing\Router->matchRequest() /home/ubuntu/workspace/dev/app/cache/dev/classes.php:2086
[07-Sep-2016 08:12:28 UTC] PHP  14. Symfony\Component\Routing\Router->getMatcher() /home/ubuntu/workspace/dev/app/cache/dev/classes.php:1294
[07-Sep-2016 08:12:28 UTC] PHP  15. Symfony\Component\Config\ResourceCheckerConfigCacheFactory->cache() /home/ubuntu/workspace/dev/app/cache/dev/classes.php:1330
[07-Sep-2016 08:12:28 UTC] PHP  16. call_user_func:{/home/ubuntu/workspace/dev/vendor/symfony/symfony/src/Symfony/Component/Config/ResourceCheckerConfigCacheFactory.php:46}() /home/ubuntu/workspace/dev/vendor/symfony/symfony/src/Symfony/Component/Config/ResourceCheckerConfigCacheFactory.php:46
[07-Sep-2016 08:12:28 UTC] PHP  17. Symfony\Component\Routing\Router->Symfony\Component\Routing\{closure}() /home/ubuntu/workspace/dev/vendor/symfony/symfony/src/Symfony/Component/Config/ResourceCheckerConfigCacheFactory.php:46
[07-Sep-2016 08:12:28 UTC] PHP  18. Symfony\Component\Routing\Router->getMatcherDumperInstance() /home/ubuntu/workspace/dev/app/cache/dev/classes.php:1320
[07-Sep-2016 08:12:28 UTC] PHP  19. Symfony\Bundle\FrameworkBundle\Routing\Router->getRouteCollection() /home/ubuntu/workspace/dev/app/cache/dev/classes.php:1370
[07-Sep-2016 08:12:28 UTC] PHP  20. Symfony\Bundle\FrameworkBundle\Routing\DelegatingLoader->load() /home/ubuntu/workspace/dev/app/cache/dev/classes.php:1589
[07-Sep-2016 08:12:28 UTC] PHP  21. Symfony\Component\Config\Loader\DelegatingLoader->load() /home/ubuntu/workspace/dev/vendor/symfony/symfony/src/Symfony/Bundle/FrameworkBundle/Routing/DelegatingLoader.php:83
[07-Sep-2016 08:12:28 UTC] PHP  22. Symfony\Component\Routing\Loader\YamlFileLoader->load() /home/ubuntu/workspace/dev/vendor/symfony/symfony/src/Symfony/Component/Config/Loader/DelegatingLoader.php:45
[07-Sep-2016 08:12:28 UTC] PHP  23. Symfony\Component\Routing\Loader\YamlFileLoader->parseImport() /home/ubuntu/workspace/dev/vendor/symfony/symfony/src/Symfony/Component/Routing/Loader/YamlFileLoader.php:94
[07-Sep-2016 08:12:28 UTC] PHP  24. Symfony\Component\Config\Loader\FileLoader->import() /home/ubuntu/workspace/dev/vendor/symfony/symfony/src/Symfony/Component/Routing/Loader/YamlFileLoader.php:174
[07-Sep-2016 08:12:28 UTC] PHP  25. Symfony\Component\Routing\Loader\YamlFileLoader->load() /home/ubuntu/workspace/dev/vendor/symfony/symfony/src/Symfony/Component/Config/Loader/FileLoader.php:112
[07-Sep-2016 08:12:28 UTC] PHP  26. Symfony\Component\Routing\Loader\YamlFileLoader->parseImport() /home/ubuntu/workspace/dev/vendor/symfony/symfony/src/Symfony/Component/Routing/Loader/YamlFileLoader.php:94
[07-Sep-2016 08:12:28 UTC] PHP  27. Symfony\Component\Config\Loader\FileLoader->import() /home/ubuntu/workspace/dev/vendor/symfony/symfony/src/Symfony/Component/Routing/Loader/YamlFileLoader.php:174
[07-Sep-2016 08:12:28 UTC] PHP  28. Symfony\Component\Routing\Loader\AnnotationDirectoryLoader->load() /home/ubuntu/workspace/dev/vendor/symfony/symfony/src/Symfony/Component/Config/Loader/FileLoader.php:112
[07-Sep-2016 08:12:28 UTC] PHP  29. ReflectionClass->__construct() /home/ubuntu/workspace/dev/vendor/symfony/symfony/src/Symfony/Component/Routing/Loader/AnnotationDirectoryLoader.php:52
[07-Sep-2016 08:12:28 UTC] PHP  30. spl_autoload_call() /home/ubuntu/workspace/dev/vendor/symfony/symfony/src/Symfony/Component/Routing/Loader/AnnotationDirectoryLoader.php:52
[07-Sep-2016 08:12:28 UTC] PHP  31. Symfony\Component\Debug\DebugClassLoader->loadClass() /home/ubuntu/workspace/dev/vendor/symfony/symfony/src/Symfony/Component/Routing/Loader/AnnotationDirectoryLoader.php:52
[07-Sep-2016 08:12:28 UTC] PHP  32. require_once() /home/ubuntu/workspace/dev/vendor/symfony/symfony/src/Symfony/Component/Debug/DebugClassLoader.php:169
[07-Sep-2016 08:12:49 UTC] PHP Parse error:  syntax error, unexpected 'return' (T_RETURN), expecting function (T_FUNCTION) in /home/ubuntu/workspace/dev/src/AppBundle/Controller/PrivateController.php on line 27
[07-Sep-2016 08:12:49 UTC] PHP Stack trace:
[07-Sep-2016 08:12:49 UTC] PHP   1. {main}() /home/ubuntu/workspace/dev/web/app_dev.php:0
[07-Sep-2016 08:12:49 UTC] PHP   2. Symfony\Component\HttpKernel\Kernel->handle() /home/ubuntu/workspace/dev/web/app_dev.php:30
[07-Sep-2016 08:12:49 UTC] PHP   3. Symfony\Component\HttpKernel\DependencyInjection\ContainerAwareHttpKernel->handle() /home/ubuntu/workspace/dev/vendor/symfony/symfony/src/Symfony/Component/HttpKernel/Kernel.php:185
[07-Sep-2016 08:12:49 UTC] PHP   4. Symfony\Component\HttpKernel\HttpKernel->handle() /home/ubuntu/workspace/dev/vendor/symfony/symfony/src/Symfony/Component/HttpKernel/DependencyInjection/ContainerAwareHttpKernel.php:69
[07-Sep-2016 08:12:49 UTC] PHP   5. Symfony\Component\HttpKernel\HttpKernel->handleRaw() /home/ubuntu/workspace/dev/vendor/symfony/symfony/src/Symfony/Component/HttpKernel/HttpKernel.php:64
[07-Sep-2016 08:12:49 UTC] PHP   6. Symfony\Component\EventDispatcher\Debug\TraceableEventDispatcher->dispatch() /home/ubuntu/workspace/dev/vendor/symfony/symfony/src/Symfony/Component/HttpKernel/HttpKernel.php:125
[07-Sep-2016 08:12:49 UTC] PHP   7. Symfony\Component\EventDispatcher\EventDispatcher->dispatch() /home/ubuntu/workspace/dev/vendor/symfony/symfony/src/Symfony/Component/EventDispatcher/Debug/TraceableEventDispatcher.php:140
[07-Sep-2016 08:12:49 UTC] PHP   8. Symfony\Component\EventDispatcher\EventDispatcher->doDispatch() /home/ubuntu/workspace/dev/app/cache/dev/classes.php:1773
[07-Sep-2016 08:12:49 UTC] PHP   9. call_user_func:{/home/ubuntu/workspace/dev/app/cache/dev/classes.php:1858}() /home/ubuntu/workspace/dev/app/cache/dev/classes.php:1858
[07-Sep-2016 08:12:49 UTC] PHP  10. Symfony\Component\EventDispatcher\Debug\WrappedListener->__invoke() /home/ubuntu/workspace/dev/app/cache/dev/classes.php:1858
[07-Sep-2016 08:12:49 UTC] PHP  11. call_user_func:{/home/ubuntu/workspace/dev/vendor/symfony/symfony/src/Symfony/Component/EventDispatcher/Debug/WrappedListener.php:61}() /home/ubuntu/workspace/dev/vendor/symfony/symfony/src/Symfony/Component/EventDispatcher/Debug/WrappedListener.php:61
[07-Sep-2016 08:12:49 UTC] PHP  12. Symfony\Component\HttpKernel\EventListener\RouterListener->onKernelRequest() /home/ubuntu/workspace/dev/vendor/symfony/symfony/src/Symfony/Component/EventDispatcher/Debug/WrappedListener.php:61
[07-Sep-2016 08:12:49 UTC] PHP  13. Symfony\Component\Routing\Router->matchRequest() /home/ubuntu/workspace/dev/app/cache/dev/classes.php:2086
[07-Sep-2016 08:12:49 UTC] PHP  14. Symfony\Component\Routing\Router->getMatcher() /home/ubuntu/workspace/dev/app/cache/dev/classes.php:1294
[07-Sep-2016 08:12:49 UTC] PHP  15. Symfony\Component\Config\ResourceCheckerConfigCacheFactory->cache() /home/ubuntu/workspace/dev/app/cache/dev/classes.php:1330
[07-Sep-2016 08:12:49 UTC] PHP  16. call_user_func:{/home/ubuntu/workspace/dev/vendor/symfony/symfony/src/Symfony/Component/Config/ResourceCheckerConfigCacheFactory.php:46}() /home/ubuntu/workspace/dev/vendor/symfony/symfony/src/Symfony/Component/Config/ResourceCheckerConfigCacheFactory.php:46
[07-Sep-2016 08:12:49 UTC] PHP  17. Symfony\Component\Routing\Router->Symfony\Component\Routing\{closure}() /home/ubuntu/workspace/dev/vendor/symfony/symfony/src/Symfony/Component/Config/ResourceCheckerConfigCacheFactory.php:46
[07-Sep-2016 08:12:49 UTC] PHP  18. Symfony\Component\Routing\Router->getMatcherDumperInstance() /home/ubuntu/workspace/dev/app/cache/dev/classes.php:1320
[07-Sep-2016 08:12:49 UTC] PHP  19. Symfony\Bundle\FrameworkBundle\Routing\Router->getRouteCollection() /home/ubuntu/workspace/dev/app/cache/dev/classes.php:1370
[07-Sep-2016 08:12:49 UTC] PHP  20. Symfony\Bundle\FrameworkBundle\Routing\DelegatingLoader->load() /home/ubuntu/workspace/dev/app/cache/dev/classes.php:1589
[07-Sep-2016 08:12:49 UTC] PHP  21. Symfony\Component\Config\Loader\DelegatingLoader->load() /home/ubuntu/workspace/dev/vendor/symfony/symfony/src/Symfony/Bundle/FrameworkBundle/Routing/DelegatingLoader.php:83
[07-Sep-2016 08:12:49 UTC] PHP  22. Symfony\Component\Routing\Loader\YamlFileLoader->load() /home/ubuntu/workspace/dev/vendor/symfony/symfony/src/Symfony/Component/Config/Loader/DelegatingLoader.php:45
[07-Sep-2016 08:12:49 UTC] PHP  23. Symfony\Component\Routing\Loader\YamlFileLoader->parseImport() /home/ubuntu/workspace/dev/vendor/symfony/symfony/src/Symfony/Component/Routing/Loader/YamlFileLoader.php:94
[07-Sep-2016 08:12:49 UTC] PHP  24. Symfony\Component\Config\Loader\FileLoader->import() /home/ubuntu/workspace/dev/vendor/symfony/symfony/src/Symfony/Component/Routing/Loader/YamlFileLoader.php:174
[07-Sep-2016 08:12:49 UTC] PHP  25. Symfony\Component\Routing\Loader\YamlFileLoader->load() /home/ubuntu/workspace/dev/vendor/symfony/symfony/src/Symfony/Component/Config/Loader/FileLoader.php:112
[07-Sep-2016 08:12:49 UTC] PHP  26. Symfony\Component\Routing\Loader\YamlFileLoader->parseImport() /home/ubuntu/workspace/dev/vendor/symfony/symfony/src/Symfony/Component/Routing/Loader/YamlFileLoader.php:94
[07-Sep-2016 08:12:49 UTC] PHP  27. Symfony\Component\Config\Loader\FileLoader->import() /home/ubuntu/workspace/dev/vendor/symfony/symfony/src/Symfony/Component/Routing/Loader/YamlFileLoader.php:174
[07-Sep-2016 08:12:49 UTC] PHP  28. Symfony\Component\Routing\Loader\AnnotationDirectoryLoader->load() /home/ubuntu/workspace/dev/vendor/symfony/symfony/src/Symfony/Component/Config/Loader/FileLoader.php:112
[07-Sep-2016 08:12:49 UTC] PHP  29. ReflectionClass->__construct() /home/ubuntu/workspace/dev/vendor/symfony/symfony/src/Symfony/Component/Routing/Loader/AnnotationDirectoryLoader.php:52
[07-Sep-2016 08:12:49 UTC] PHP  30. spl_autoload_call() /home/ubuntu/workspace/dev/vendor/symfony/symfony/src/Symfony/Component/Routing/Loader/AnnotationDirectoryLoader.php:52
[07-Sep-2016 08:12:49 UTC] PHP  31. Symfony\Component\Debug\DebugClassLoader->loadClass() /home/ubuntu/workspace/dev/vendor/symfony/symfony/src/Symfony/Component/Routing/Loader/AnnotationDirectoryLoader.php:52
[07-Sep-2016 08:17:33 UTC] PHP Fatal error:  Call to undefined method Symfony\Component\Debug\DebugClassLoader::render() in /home/ubuntu/workspace/dev/src/AppBundle/Controller/PrivateController.php on line 29
[07-Sep-2016 08:17:33 UTC] PHP Stack trace:
[07-Sep-2016 08:17:33 UTC] PHP   1. {main}() /home/ubuntu/workspace/dev/web/app_dev.php:0
[07-Sep-2016 08:17:33 UTC] PHP   2. Symfony\Component\HttpKernel\Kernel->handle() /home/ubuntu/workspace/dev/web/app_dev.php:30
[07-Sep-2016 08:17:33 UTC] PHP   3. Symfony\Component\HttpKernel\DependencyInjection\ContainerAwareHttpKernel->handle() /home/ubuntu/workspace/dev/vendor/symfony/symfony/src/Symfony/Component/HttpKernel/Kernel.php:185
[07-Sep-2016 08:17:33 UTC] PHP   4. Symfony\Component\HttpKernel\HttpKernel->handle() /home/ubuntu/workspace/dev/vendor/symfony/symfony/src/Symfony/Component/HttpKernel/DependencyInjection/ContainerAwareHttpKernel.php:69
[07-Sep-2016 08:17:33 UTC] PHP   5. Symfony\Component\HttpKernel\HttpKernel->handleRaw() /home/ubuntu/workspace/dev/vendor/symfony/symfony/src/Symfony/Component/HttpKernel/HttpKernel.php:64
[07-Sep-2016 08:17:33 UTC] PHP   6. Symfony\Component\EventDispatcher\Debug\TraceableEventDispatcher->dispatch() /home/ubuntu/workspace/dev/vendor/symfony/symfony/src/Symfony/Component/HttpKernel/HttpKernel.php:125
[07-Sep-2016 08:17:33 UTC] PHP   7. Symfony\Component\EventDispatcher\EventDispatcher->dispatch() /home/ubuntu/workspace/dev/vendor/symfony/symfony/src/Symfony/Component/EventDispatcher/Debug/TraceableEventDispatcher.php:140
[07-Sep-2016 08:17:33 UTC] PHP   8. Symfony\Component\EventDispatcher\EventDispatcher->doDispatch() /home/ubuntu/workspace/dev/app/cache/dev/classes.php:1773
[07-Sep-2016 08:17:33 UTC] PHP   9. call_user_func:{/home/ubuntu/workspace/dev/app/cache/dev/classes.php:1858}() /home/ubuntu/workspace/dev/app/cache/dev/classes.php:1858
[07-Sep-2016 08:17:33 UTC] PHP  10. Symfony\Component\EventDispatcher\Debug\WrappedListener->__invoke() /home/ubuntu/workspace/dev/app/cache/dev/classes.php:1858
[07-Sep-2016 08:17:33 UTC] PHP  11. call_user_func:{/home/ubuntu/workspace/dev/vendor/symfony/symfony/src/Symfony/Component/EventDispatcher/Debug/WrappedListener.php:61}() /home/ubuntu/workspace/dev/vendor/symfony/symfony/src/Symfony/Component/EventDispatcher/Debug/WrappedListener.php:61
[07-Sep-2016 08:17:33 UTC] PHP  12. Symfony\Component\HttpKernel\EventListener\RouterListener->onKernelRequest() /home/ubuntu/workspace/dev/vendor/symfony/symfony/src/Symfony/Component/EventDispatcher/Debug/WrappedListener.php:61
[07-Sep-2016 08:17:33 UTC] PHP  13. Symfony\Component\Routing\Router->matchRequest() /home/ubuntu/workspace/dev/app/cache/dev/classes.php:2086
[07-Sep-2016 08:17:33 UTC] PHP  14. Symfony\Component\Routing\Router->getMatcher() /home/ubuntu/workspace/dev/app/cache/dev/classes.php:1294
[07-Sep-2016 08:17:33 UTC] PHP  15. Symfony\Component\Config\ResourceCheckerConfigCacheFactory->cache() /home/ubuntu/workspace/dev/app/cache/dev/classes.php:1330
[07-Sep-2016 08:17:33 UTC] PHP  16. call_user_func:{/home/ubuntu/workspace/dev/vendor/symfony/symfony/src/Symfony/Component/Config/ResourceCheckerConfigCacheFactory.php:46}() /home/ubuntu/workspace/dev/vendor/symfony/symfony/src/Symfony/Component/Config/ResourceCheckerConfigCacheFactory.php:46
[07-Sep-2016 08:17:33 UTC] PHP  17. Symfony\Component\Routing\Router->Symfony\Component\Routing\{closure}() /home/ubuntu/workspace/dev/vendor/symfony/symfony/src/Symfony/Component/Config/ResourceCheckerConfigCacheFactory.php:46
[07-Sep-2016 08:17:33 UTC] PHP  18. Symfony\Component\Routing\Router->getMatcherDumperInstance() /home/ubuntu/workspace/dev/app/cache/dev/classes.php:1320
[07-Sep-2016 08:17:33 UTC] PHP  19. Symfony\Bundle\FrameworkBundle\Routing\Router->getRouteCollection() /home/ubuntu/workspace/dev/app/cache/dev/classes.php:1370
[07-Sep-2016 08:17:33 UTC] PHP  20. Symfony\Bundle\FrameworkBundle\Routing\DelegatingLoader->load() /home/ubuntu/workspace/dev/app/cache/dev/classes.php:1589
[07-Sep-2016 08:17:33 UTC] PHP  21. Symfony\Component\Config\Loader\DelegatingLoader->load() /home/ubuntu/workspace/dev/vendor/symfony/symfony/src/Symfony/Bundle/FrameworkBundle/Routing/DelegatingLoader.php:83
[07-Sep-2016 08:17:33 UTC] PHP  22. Symfony\Component\Routing\Loader\YamlFileLoader->load() /home/ubuntu/workspace/dev/vendor/symfony/symfony/src/Symfony/Component/Config/Loader/DelegatingLoader.php:45
[07-Sep-2016 08:17:33 UTC] PHP  23. Symfony\Component\Routing\Loader\YamlFileLoader->parseImport() /home/ubuntu/workspace/dev/vendor/symfony/symfony/src/Symfony/Component/Routing/Loader/YamlFileLoader.php:94
[07-Sep-2016 08:17:33 UTC] PHP  24. Symfony\Component\Config\Loader\FileLoader->import() /home/ubuntu/workspace/dev/vendor/symfony/symfony/src/Symfony/Component/Routing/Loader/YamlFileLoader.php:174
[07-Sep-2016 08:17:33 UTC] PHP  25. Symfony\Component\Routing\Loader\YamlFileLoader->load() /home/ubuntu/workspace/dev/vendor/symfony/symfony/src/Symfony/Component/Config/Loader/FileLoader.php:112
[07-Sep-2016 08:17:33 UTC] PHP  26. Symfony\Component\Routing\Loader\YamlFileLoader->parseImport() /home/ubuntu/workspace/dev/vendor/symfony/symfony/src/Symfony/Component/Routing/Loader/YamlFileLoader.php:94
[07-Sep-2016 08:17:33 UTC] PHP  27. Symfony\Component\Config\Loader\FileLoader->import() /home/ubuntu/workspace/dev/vendor/symfony/symfony/src/Symfony/Component/Routing/Loader/YamlFileLoader.php:174
[07-Sep-2016 08:17:33 UTC] PHP  28. Symfony\Component\Routing\Loader\AnnotationDirectoryLoader->load() /home/ubuntu/workspace/dev/vendor/symfony/symfony/src/Symfony/Component/Config/Loader/FileLoader.php:112
[07-Sep-2016 08:17:33 UTC] PHP  29. ReflectionClass->__construct() /home/ubuntu/workspace/dev/vendor/symfony/symfony/src/Symfony/Component/Routing/Loader/AnnotationDirectoryLoader.php:52
[07-Sep-2016 08:17:33 UTC] PHP  30. spl_autoload_call() /home/ubuntu/workspace/dev/vendor/symfony/symfony/src/Symfony/Component/Routing/Loader/AnnotationDirectoryLoader.php:52
[07-Sep-2016 08:17:33 UTC] PHP  31. Symfony\Component\Debug\DebugClassLoader->loadClass() /home/ubuntu/workspace/dev/vendor/symfony/symfony/src/Symfony/Component/Routing/Loader/AnnotationDirectoryLoader.php:52
[07-Sep-2016 08:17:33 UTC] PHP  32. require_once() /home/ubuntu/workspace/dev/vendor/symfony/symfony/src/Symfony/Component/Debug/DebugClassLoader.php:169
[07-Sep-2016 08:17:48 UTC] PHP Fatal error:  Call to undefined method Symfony\Component\Debug\DebugClassLoader::render() in /home/ubuntu/workspace/dev/src/AppBundle/Controller/PrivateController.php on line 29
[07-Sep-2016 08:17:48 UTC] PHP Stack trace:
[07-Sep-2016 08:17:48 UTC] PHP   1. {main}() /home/ubuntu/workspace/dev/web/app_dev.php:0
[07-Sep-2016 08:17:48 UTC] PHP   2. Symfony\Component\HttpKernel\Kernel->handle() /home/ubuntu/workspace/dev/web/app_dev.php:30
[07-Sep-2016 08:17:48 UTC] PHP   3. Symfony\Component\HttpKernel\DependencyInjection\ContainerAwareHttpKernel->handle() /home/ubuntu/workspace/dev/vendor/symfony/symfony/src/Symfony/Component/HttpKernel/Kernel.php:185
[07-Sep-2016 08:17:48 UTC] PHP   4. Symfony\Component\HttpKernel\HttpKernel->handle() /home/ubuntu/workspace/dev/vendor/symfony/symfony/src/Symfony/Component/HttpKernel/DependencyInjection/ContainerAwareHttpKernel.php:69
[07-Sep-2016 08:17:48 UTC] PHP   5. Symfony\Component\HttpKernel\HttpKernel->handleRaw() /home/ubuntu/workspace/dev/vendor/symfony/symfony/src/Symfony/Component/HttpKernel/HttpKernel.php:64
[07-Sep-2016 08:17:48 UTC] PHP   6. Symfony\Component\EventDispatcher\Debug\TraceableEventDispatcher->dispatch() /home/ubuntu/workspace/dev/vendor/symfony/symfony/src/Symfony/Component/HttpKernel/HttpKernel.php:125
[07-Sep-2016 08:17:48 UTC] PHP   7. Symfony\Component\EventDispatcher\EventDispatcher->dispatch() /home/ubuntu/workspace/dev/vendor/symfony/symfony/src/Symfony/Component/EventDispatcher/Debug/TraceableEventDispatcher.php:140
[07-Sep-2016 08:17:48 UTC] PHP   8. Symfony\Component\EventDispatcher\EventDispatcher->doDispatch() /home/ubuntu/workspace/dev/app/cache/dev/classes.php:1773
[07-Sep-2016 08:17:48 UTC] PHP   9. call_user_func:{/home/ubuntu/workspace/dev/app/cache/dev/classes.php:1858}() /home/ubuntu/workspace/dev/app/cache/dev/classes.php:1858
[07-Sep-2016 08:17:48 UTC] PHP  10. Symfony\Component\EventDispatcher\Debug\WrappedListener->__invoke() /home/ubuntu/workspace/dev/app/cache/dev/classes.php:1858
[07-Sep-2016 08:17:48 UTC] PHP  11. call_user_func:{/home/ubuntu/workspace/dev/vendor/symfony/symfony/src/Symfony/Component/EventDispatcher/Debug/WrappedListener.php:61}() /home/ubuntu/workspace/dev/vendor/symfony/symfony/src/Symfony/Component/EventDispatcher/Debug/WrappedListener.php:61
[07-Sep-2016 08:17:48 UTC] PHP  12. Symfony\Component\HttpKernel\EventListener\RouterListener->onKernelRequest() /home/ubuntu/workspace/dev/vendor/symfony/symfony/src/Symfony/Component/EventDispatcher/Debug/WrappedListener.php:61
[07-Sep-2016 08:17:48 UTC] PHP  13. Symfony\Component\Routing\Router->matchRequest() /home/ubuntu/workspace/dev/app/cache/dev/classes.php:2086
[07-Sep-2016 08:17:48 UTC] PHP  14. Symfony\Component\Routing\Router->getMatcher() /home/ubuntu/workspace/dev/app/cache/dev/classes.php:1294
[07-Sep-2016 08:17:48 UTC] PHP  15. Symfony\Component\Config\ResourceCheckerConfigCacheFactory->cache() /home/ubuntu/workspace/dev/app/cache/dev/classes.php:1330
[07-Sep-2016 08:17:48 UTC] PHP  16. call_user_func:{/home/ubuntu/workspace/dev/vendor/symfony/symfony/src/Symfony/Component/Config/ResourceCheckerConfigCacheFactory.php:46}() /home/ubuntu/workspace/dev/vendor/symfony/symfony/src/Symfony/Component/Config/ResourceCheckerConfigCacheFactory.php:46
[07-Sep-2016 08:17:48 UTC] PHP  17. Symfony\Component\Routing\Router->Symfony\Component\Routing\{closure}() /home/ubuntu/workspace/dev/vendor/symfony/symfony/src/Symfony/Component/Config/ResourceCheckerConfigCacheFactory.php:46
[07-Sep-2016 08:17:48 UTC] PHP  18. Symfony\Component\Routing\Router->getMatcherDumperInstance() /home/ubuntu/workspace/dev/app/cache/dev/classes.php:1320
[07-Sep-2016 08:17:48 UTC] PHP  19. Symfony\Bundle\FrameworkBundle\Routing\Router->getRouteCollection() /home/ubuntu/workspace/dev/app/cache/dev/classes.php:1370
[07-Sep-2016 08:17:48 UTC] PHP  20. Symfony\Bundle\FrameworkBundle\Routing\DelegatingLoader->load() /home/ubuntu/workspace/dev/app/cache/dev/classes.php:1589
[07-Sep-2016 08:17:48 UTC] PHP  21. Symfony\Component\Config\Loader\DelegatingLoader->load() /home/ubuntu/workspace/dev/vendor/symfony/symfony/src/Symfony/Bundle/FrameworkBundle/Routing/DelegatingLoader.php:83
[07-Sep-2016 08:17:48 UTC] PHP  22. Symfony\Component\Routing\Loader\YamlFileLoader->load() /home/ubuntu/workspace/dev/vendor/symfony/symfony/src/Symfony/Component/Config/Loader/DelegatingLoader.php:45
[07-Sep-2016 08:17:48 UTC] PHP  23. Symfony\Component\Routing\Loader\YamlFileLoader->parseImport() /home/ubuntu/workspace/dev/vendor/symfony/symfony/src/Symfony/Component/Routing/Loader/YamlFileLoader.php:94
[07-Sep-2016 08:17:48 UTC] PHP  24. Symfony\Component\Config\Loader\FileLoader->import() /home/ubuntu/workspace/dev/vendor/symfony/symfony/src/Symfony/Component/Routing/Loader/YamlFileLoader.php:174
[07-Sep-2016 08:17:48 UTC] PHP  25. Symfony\Component\Routing\Loader\YamlFileLoader->load() /home/ubuntu/workspace/dev/vendor/symfony/symfony/src/Symfony/Component/Config/Loader/FileLoader.php:112
[07-Sep-2016 08:17:48 UTC] PHP  26. Symfony\Component\Routing\Loader\YamlFileLoader->parseImport() /home/ubuntu/workspace/dev/vendor/symfony/symfony/src/Symfony/Component/Routing/Loader/YamlFileLoader.php:94
[07-Sep-2016 08:17:48 UTC] PHP  27. Symfony\Component\Config\Loader\FileLoader->import() /home/ubuntu/workspace/dev/vendor/symfony/symfony/src/Symfony/Component/Routing/Loader/YamlFileLoader.php:174
[07-Sep-2016 08:17:48 UTC] PHP  28. Symfony\Component\Routing\Loader\AnnotationDirectoryLoader->load() /home/ubuntu/workspace/dev/vendor/symfony/symfony/src/Symfony/Component/Config/Loader/FileLoader.php:112
[07-Sep-2016 08:17:48 UTC] PHP  29. ReflectionClass->__construct() /home/ubuntu/workspace/dev/vendor/symfony/symfony/src/Symfony/Component/Routing/Loader/AnnotationDirectoryLoader.php:52
[07-Sep-2016 08:17:48 UTC] PHP  30. spl_autoload_call() /home/ubuntu/workspace/dev/vendor/symfony/symfony/src/Symfony/Component/Routing/Loader/AnnotationDirectoryLoader.php:52
[07-Sep-2016 08:17:48 UTC] PHP  31. Symfony\Component\Debug\DebugClassLoader->loadClass() /home/ubuntu/workspace/dev/vendor/symfony/symfony/src/Symfony/Component/Routing/Loader/AnnotationDirectoryLoader.php:52
[07-Sep-2016 08:17:48 UTC] PHP  32. require_once() /home/ubuntu/workspace/dev/vendor/symfony/symfony/src/Symfony/Component/Debug/DebugClassLoader.php:169
[19-Sep-2016 06:07:30 UTC] PHP Parse error:  syntax error, unexpected 'public' (T_PUBLIC), expecting ')' in /home/ubuntu/workspace/dev/src/AppBundle/Controller/PublicController.php on line 108
[19-Sep-2016 06:07:30 UTC] PHP Stack trace:
[19-Sep-2016 06:07:30 UTC] PHP   1. {main}() /home/ubuntu/workspace/dev/web/app_dev.php:0
[19-Sep-2016 06:07:30 UTC] PHP   2. Symfony\Component\HttpKernel\Kernel->handle() /home/ubuntu/workspace/dev/web/app_dev.php:30
[19-Sep-2016 06:07:30 UTC] PHP   3. Symfony\Component\HttpKernel\DependencyInjection\ContainerAwareHttpKernel->handle() /home/ubuntu/workspace/dev/vendor/symfony/symfony/src/Symfony/Component/HttpKernel/Kernel.php:185
[19-Sep-2016 06:07:30 UTC] PHP   4. Symfony\Component\HttpKernel\HttpKernel->handle() /home/ubuntu/workspace/dev/vendor/symfony/symfony/src/Symfony/Component/HttpKernel/DependencyInjection/ContainerAwareHttpKernel.php:69
[19-Sep-2016 06:07:30 UTC] PHP   5. Symfony\Component\HttpKernel\HttpKernel->handleRaw() /home/ubuntu/workspace/dev/vendor/symfony/symfony/src/Symfony/Component/HttpKernel/HttpKernel.php:64
[19-Sep-2016 06:07:30 UTC] PHP   6. Symfony\Component\EventDispatcher\Debug\TraceableEventDispatcher->dispatch() /home/ubuntu/workspace/dev/vendor/symfony/symfony/src/Symfony/Component/HttpKernel/HttpKernel.php:125
[19-Sep-2016 06:07:30 UTC] PHP   7. Symfony\Component\EventDispatcher\EventDispatcher->dispatch() /home/ubuntu/workspace/dev/vendor/symfony/symfony/src/Symfony/Component/EventDispatcher/Debug/TraceableEventDispatcher.php:140
[19-Sep-2016 06:07:30 UTC] PHP   8. Symfony\Component\EventDispatcher\EventDispatcher->doDispatch() /home/ubuntu/workspace/dev/app/cache/dev/classes.php:1773
[19-Sep-2016 06:07:30 UTC] PHP   9. call_user_func:{/home/ubuntu/workspace/dev/app/cache/dev/classes.php:1858}() /home/ubuntu/workspace/dev/app/cache/dev/classes.php:1858
[19-Sep-2016 06:07:30 UTC] PHP  10. Symfony\Component\EventDispatcher\Debug\WrappedListener->__invoke() /home/ubuntu/workspace/dev/app/cache/dev/classes.php:1858
[19-Sep-2016 06:07:30 UTC] PHP  11. call_user_func:{/home/ubuntu/workspace/dev/vendor/symfony/symfony/src/Symfony/Component/EventDispatcher/Debug/WrappedListener.php:61}() /home/ubuntu/workspace/dev/vendor/symfony/symfony/src/Symfony/Component/EventDispatcher/Debug/WrappedListener.php:61
[19-Sep-2016 06:07:30 UTC] PHP  12. Symfony\Component\HttpKernel\EventListener\RouterListener->onKernelRequest() /home/ubuntu/workspace/dev/vendor/symfony/symfony/src/Symfony/Component/EventDispatcher/Debug/WrappedListener.php:61
[19-Sep-2016 06:07:30 UTC] PHP  13. Symfony\Component\Routing\Router->matchRequest() /home/ubuntu/workspace/dev/app/cache/dev/classes.php:2086
[19-Sep-2016 06:07:30 UTC] PHP  14. Symfony\Component\Routing\Router->getMatcher() /home/ubuntu/workspace/dev/app/cache/dev/classes.php:1294
[19-Sep-2016 06:07:30 UTC] PHP  15. Symfony\Component\Config\ResourceCheckerConfigCacheFactory->cache() /home/ubuntu/workspace/dev/app/cache/dev/classes.php:1330
[19-Sep-2016 06:07:30 UTC] PHP  16. call_user_func:{/home/ubuntu/workspace/dev/vendor/symfony/symfony/src/Symfony/Component/Config/ResourceCheckerConfigCacheFactory.php:46}() /home/ubuntu/workspace/dev/vendor/symfony/symfony/src/Symfony/Component/Config/ResourceCheckerConfigCacheFactory.php:46
[19-Sep-2016 06:07:30 UTC] PHP  17. Symfony\Component\Routing\Router->Symfony\Component\Routing\{closure}() /home/ubuntu/workspace/dev/vendor/symfony/symfony/src/Symfony/Component/Config/ResourceCheckerConfigCacheFactory.php:46
[19-Sep-2016 06:07:30 UTC] PHP  18. Symfony\Component\Routing\Router->getMatcherDumperInstance() /home/ubuntu/workspace/dev/app/cache/dev/classes.php:1320
[19-Sep-2016 06:07:30 UTC] PHP  19. Symfony\Bundle\FrameworkBundle\Routing\Router->getRouteCollection() /home/ubuntu/workspace/dev/app/cache/dev/classes.php:1370
[19-Sep-2016 06:07:30 UTC] PHP  20. Symfony\Bundle\FrameworkBundle\Routing\DelegatingLoader->load() /home/ubuntu/workspace/dev/app/cache/dev/classes.php:1589
[19-Sep-2016 06:07:30 UTC] PHP  21. Symfony\Component\Config\Loader\DelegatingLoader->load() /home/ubuntu/workspace/dev/vendor/symfony/symfony/src/Symfony/Bundle/FrameworkBundle/Routing/DelegatingLoader.php:83
[19-Sep-2016 06:07:30 UTC] PHP  22. Symfony\Component\Routing\Loader\YamlFileLoader->load() /home/ubuntu/workspace/dev/vendor/symfony/symfony/src/Symfony/Component/Config/Loader/DelegatingLoader.php:45
[19-Sep-2016 06:07:30 UTC] PHP  23. Symfony\Component\Routing\Loader\YamlFileLoader->parseImport() /home/ubuntu/workspace/dev/vendor/symfony/symfony/src/Symfony/Component/Routing/Loader/YamlFileLoader.php:94
[19-Sep-2016 06:07:30 UTC] PHP  24. Symfony\Component\Config\Loader\FileLoader->import() /home/ubuntu/workspace/dev/vendor/symfony/symfony/src/Symfony/Component/Routing/Loader/YamlFileLoader.php:174
[19-Sep-2016 06:07:30 UTC] PHP  25. Symfony\Component\Routing\Loader\YamlFileLoader->load() /home/ubuntu/workspace/dev/vendor/symfony/symfony/src/Symfony/Component/Config/Loader/FileLoader.php:112
[19-Sep-2016 06:07:30 UTC] PHP  26. Symfony\Component\Routing\Loader\YamlFileLoader->parseImport() /home/ubuntu/workspace/dev/vendor/symfony/symfony/src/Symfony/Component/Routing/Loader/YamlFileLoader.php:94
[19-Sep-2016 06:07:30 UTC] PHP  27. Symfony\Component\Config\Loader\FileLoader->import() /home/ubuntu/workspace/dev/vendor/symfony/symfony/src/Symfony/Component/Routing/Loader/YamlFileLoader.php:174
[19-Sep-2016 06:07:30 UTC] PHP  28. Symfony\Component\Routing\Loader\AnnotationDirectoryLoader->load() /home/ubuntu/workspace/dev/vendor/symfony/symfony/src/Symfony/Component/Config/Loader/FileLoader.php:112
[19-Sep-2016 06:07:30 UTC] PHP  29. ReflectionClass->__construct() /home/ubuntu/workspace/dev/vendor/symfony/symfony/src/Symfony/Component/Routing/Loader/AnnotationDirectoryLoader.php:52
[19-Sep-2016 06:07:30 UTC] PHP  30. spl_autoload_call() /home/ubuntu/workspace/dev/vendor/symfony/symfony/src/Symfony/Component/Routing/Loader/AnnotationDirectoryLoader.php:52
[19-Sep-2016 06:07:30 UTC] PHP  31. Symfony\Component\Debug\DebugClassLoader->loadClass() /home/ubuntu/workspace/dev/vendor/symfony/symfony/src/Symfony/Component/Routing/Loader/AnnotationDirectoryLoader.php:52
[19-Sep-2016 06:08:38 UTC] PHP Parse error:  syntax error, unexpected 'public' (T_PUBLIC), expecting ')' in /home/ubuntu/workspace/dev/src/AppBundle/Controller/PublicController.php on line 108
[19-Sep-2016 06:08:38 UTC] PHP Stack trace:
[19-Sep-2016 06:08:38 UTC] PHP   1. {main}() /home/ubuntu/workspace/dev/web/app_dev.php:0
[19-Sep-2016 06:08:38 UTC] PHP   2. Symfony\Component\HttpKernel\Kernel->handle() /home/ubuntu/workspace/dev/web/app_dev.php:30
[19-Sep-2016 06:08:38 UTC] PHP   3. Symfony\Component\HttpKernel\DependencyInjection\ContainerAwareHttpKernel->handle() /home/ubuntu/workspace/dev/vendor/symfony/symfony/src/Symfony/Component/HttpKernel/Kernel.php:185
[19-Sep-2016 06:08:38 UTC] PHP   4. Symfony\Component\HttpKernel\HttpKernel->handle() /home/ubuntu/workspace/dev/vendor/symfony/symfony/src/Symfony/Component/HttpKernel/DependencyInjection/ContainerAwareHttpKernel.php:69
[19-Sep-2016 06:08:38 UTC] PHP   5. Symfony\Component\HttpKernel\HttpKernel->handleRaw() /home/ubuntu/workspace/dev/vendor/symfony/symfony/src/Symfony/Component/HttpKernel/HttpKernel.php:64
[19-Sep-2016 06:08:38 UTC] PHP   6. Symfony\Component\EventDispatcher\Debug\TraceableEventDispatcher->dispatch() /home/ubuntu/workspace/dev/vendor/symfony/symfony/src/Symfony/Component/HttpKernel/HttpKernel.php:125
[19-Sep-2016 06:08:38 UTC] PHP   7. Symfony\Component\EventDispatcher\EventDispatcher->dispatch() /home/ubuntu/workspace/dev/vendor/symfony/symfony/src/Symfony/Component/EventDispatcher/Debug/TraceableEventDispatcher.php:140
[19-Sep-2016 06:08:38 UTC] PHP   8. Symfony\Component\EventDispatcher\EventDispatcher->doDispatch() /home/ubuntu/workspace/dev/app/cache/dev/classes.php:1773
[19-Sep-2016 06:08:38 UTC] PHP   9. call_user_func:{/home/ubuntu/workspace/dev/app/cache/dev/classes.php:1858}() /home/ubuntu/workspace/dev/app/cache/dev/classes.php:1858
[19-Sep-2016 06:08:38 UTC] PHP  10. Symfony\Component\EventDispatcher\Debug\WrappedListener->__invoke() /home/ubuntu/workspace/dev/app/cache/dev/classes.php:1858
[19-Sep-2016 06:08:38 UTC] PHP  11. call_user_func:{/home/ubuntu/workspace/dev/vendor/symfony/symfony/src/Symfony/Component/EventDispatcher/Debug/WrappedListener.php:61}() /home/ubuntu/workspace/dev/vendor/symfony/symfony/src/Symfony/Component/EventDispatcher/Debug/WrappedListener.php:61
[19-Sep-2016 06:08:38 UTC] PHP  12. Symfony\Component\HttpKernel\EventListener\RouterListener->onKernelRequest() /home/ubuntu/workspace/dev/vendor/symfony/symfony/src/Symfony/Component/EventDispatcher/Debug/WrappedListener.php:61
[19-Sep-2016 06:08:38 UTC] PHP  13. Symfony\Component\Routing\Router->matchRequest() /home/ubuntu/workspace/dev/app/cache/dev/classes.php:2086
[19-Sep-2016 06:08:38 UTC] PHP  14. Symfony\Component\Routing\Router->getMatcher() /home/ubuntu/workspace/dev/app/cache/dev/classes.php:1294
[19-Sep-2016 06:08:38 UTC] PHP  15. Symfony\Component\Config\ResourceCheckerConfigCacheFactory->cache() /home/ubuntu/workspace/dev/app/cache/dev/classes.php:1330
[19-Sep-2016 06:08:38 UTC] PHP  16. call_user_func:{/home/ubuntu/workspace/dev/vendor/symfony/symfony/src/Symfony/Component/Config/ResourceCheckerConfigCacheFactory.php:46}() /home/ubuntu/workspace/dev/vendor/symfony/symfony/src/Symfony/Component/Config/ResourceCheckerConfigCacheFactory.php:46
[19-Sep-2016 06:08:38 UTC] PHP  17. Symfony\Component\Routing\Router->Symfony\Component\Routing\{closure}() /home/ubuntu/workspace/dev/vendor/symfony/symfony/src/Symfony/Component/Config/ResourceCheckerConfigCacheFactory.php:46
[19-Sep-2016 06:08:38 UTC] PHP  18. Symfony\Component\Routing\Router->getMatcherDumperInstance() /home/ubuntu/workspace/dev/app/cache/dev/classes.php:1320
[19-Sep-2016 06:08:38 UTC] PHP  19. Symfony\Bundle\FrameworkBundle\Routing\Router->getRouteCollection() /home/ubuntu/workspace/dev/app/cache/dev/classes.php:1370
[19-Sep-2016 06:08:38 UTC] PHP  20. Symfony\Bundle\FrameworkBundle\Routing\DelegatingLoader->load() /home/ubuntu/workspace/dev/app/cache/dev/classes.php:1589
[19-Sep-2016 06:08:38 UTC] PHP  21. Symfony\Component\Config\Loader\DelegatingLoader->load() /home/ubuntu/workspace/dev/vendor/symfony/symfony/src/Symfony/Bundle/FrameworkBundle/Routing/DelegatingLoader.php:83
[19-Sep-2016 06:08:38 UTC] PHP  22. Symfony\Component\Routing\Loader\YamlFileLoader->load() /home/ubuntu/workspace/dev/vendor/symfony/symfony/src/Symfony/Component/Config/Loader/DelegatingLoader.php:45
[19-Sep-2016 06:08:38 UTC] PHP  23. Symfony\Component\Routing\Loader\YamlFileLoader->parseImport() /home/ubuntu/workspace/dev/vendor/symfony/symfony/src/Symfony/Component/Routing/Loader/YamlFileLoader.php:94
[19-Sep-2016 06:08:38 UTC] PHP  24. Symfony\Component\Config\Loader\FileLoader->import() /home/ubuntu/workspace/dev/vendor/symfony/symfony/src/Symfony/Component/Routing/Loader/YamlFileLoader.php:174
[19-Sep-2016 06:08:38 UTC] PHP  25. Symfony\Component\Routing\Loader\YamlFileLoader->load() /home/ubuntu/workspace/dev/vendor/symfony/symfony/src/Symfony/Component/Config/Loader/FileLoader.php:112
[19-Sep-2016 06:08:38 UTC] PHP  26. Symfony\Component\Routing\Loader\YamlFileLoader->parseImport() /home/ubuntu/workspace/dev/vendor/symfony/symfony/src/Symfony/Component/Routing/Loader/YamlFileLoader.php:94
[19-Sep-2016 06:08:38 UTC] PHP  27. Symfony\Component\Config\Loader\FileLoader->import() /home/ubuntu/workspace/dev/vendor/symfony/symfony/src/Symfony/Component/Routing/Loader/YamlFileLoader.php:174
[19-Sep-2016 06:08:38 UTC] PHP  28. Symfony\Component\Routing\Loader\AnnotationDirectoryLoader->load() /home/ubuntu/workspace/dev/vendor/symfony/symfony/src/Symfony/Component/Config/Loader/FileLoader.php:112
[19-Sep-2016 06:08:38 UTC] PHP  29. ReflectionClass->__construct() /home/ubuntu/workspace/dev/vendor/symfony/symfony/src/Symfony/Component/Routing/Loader/AnnotationDirectoryLoader.php:52
[19-Sep-2016 06:08:38 UTC] PHP  30. spl_autoload_call() /home/ubuntu/workspace/dev/vendor/symfony/symfony/src/Symfony/Component/Routing/Loader/AnnotationDirectoryLoader.php:52
[19-Sep-2016 06:08:38 UTC] PHP  31. Symfony\Component\Debug\DebugClassLoader->loadClass() /home/ubuntu/workspace/dev/vendor/symfony/symfony/src/Symfony/Component/Routing/Loader/AnnotationDirectoryLoader.php:52
[19-Sep-2016 06:11:30 UTC] PHP Parse error:  syntax error, unexpected 'public' (T_PUBLIC), expecting ')' in /home/ubuntu/workspace/dev/src/AppBundle/Controller/PublicController.php on line 108
[19-Sep-2016 06:11:30 UTC] PHP Stack trace:
[19-Sep-2016 06:11:30 UTC] PHP   1. {main}() /home/ubuntu/workspace/dev/web/app_dev.php:0
[19-Sep-2016 06:11:30 UTC] PHP   2. Symfony\Component\HttpKernel\Kernel->handle() /home/ubuntu/workspace/dev/web/app_dev.php:30
[19-Sep-2016 06:11:30 UTC] PHP   3. Symfony\Component\HttpKernel\DependencyInjection\ContainerAwareHttpKernel->handle() /home/ubuntu/workspace/dev/vendor/symfony/symfony/src/Symfony/Component/HttpKernel/Kernel.php:185
[19-Sep-2016 06:11:30 UTC] PHP   4. Symfony\Component\HttpKernel\HttpKernel->handle() /home/ubuntu/workspace/dev/vendor/symfony/symfony/src/Symfony/Component/HttpKernel/DependencyInjection/ContainerAwareHttpKernel.php:69
[19-Sep-2016 06:11:30 UTC] PHP   5. Symfony\Component\HttpKernel\HttpKernel->handleRaw() /home/ubuntu/workspace/dev/vendor/symfony/symfony/src/Symfony/Component/HttpKernel/HttpKernel.php:64
[19-Sep-2016 06:11:30 UTC] PHP   6. Symfony\Component\EventDispatcher\Debug\TraceableEventDispatcher->dispatch() /home/ubuntu/workspace/dev/vendor/symfony/symfony/src/Symfony/Component/HttpKernel/HttpKernel.php:125
[19-Sep-2016 06:11:30 UTC] PHP   7. Symfony\Component\EventDispatcher\EventDispatcher->dispatch() /home/ubuntu/workspace/dev/vendor/symfony/symfony/src/Symfony/Component/EventDispatcher/Debug/TraceableEventDispatcher.php:140
[19-Sep-2016 06:11:30 UTC] PHP   8. Symfony\Component\EventDispatcher\EventDispatcher->doDispatch() /home/ubuntu/workspace/dev/app/cache/dev/classes.php:1773
[19-Sep-2016 06:11:30 UTC] PHP   9. call_user_func:{/home/ubuntu/workspace/dev/app/cache/dev/classes.php:1858}() /home/ubuntu/workspace/dev/app/cache/dev/classes.php:1858
[19-Sep-2016 06:11:30 UTC] PHP  10. Symfony\Component\EventDispatcher\Debug\WrappedListener->__invoke() /home/ubuntu/workspace/dev/app/cache/dev/classes.php:1858
[19-Sep-2016 06:11:30 UTC] PHP  11. call_user_func:{/home/ubuntu/workspace/dev/vendor/symfony/symfony/src/Symfony/Component/EventDispatcher/Debug/WrappedListener.php:61}() /home/ubuntu/workspace/dev/vendor/symfony/symfony/src/Symfony/Component/EventDispatcher/Debug/WrappedListener.php:61
[19-Sep-2016 06:11:30 UTC] PHP  12. Symfony\Component\HttpKernel\EventListener\RouterListener->onKernelRequest() /home/ubuntu/workspace/dev/vendor/symfony/symfony/src/Symfony/Component/EventDispatcher/Debug/WrappedListener.php:61
[19-Sep-2016 06:11:30 UTC] PHP  13. Symfony\Component\Routing\Router->matchRequest() /home/ubuntu/workspace/dev/app/cache/dev/classes.php:2086
[19-Sep-2016 06:11:30 UTC] PHP  14. Symfony\Component\Routing\Router->getMatcher() /home/ubuntu/workspace/dev/app/cache/dev/classes.php:1294
[19-Sep-2016 06:11:30 UTC] PHP  15. Symfony\Component\Config\ResourceCheckerConfigCacheFactory->cache() /home/ubuntu/workspace/dev/app/cache/dev/classes.php:1330
[19-Sep-2016 06:11:30 UTC] PHP  16. call_user_func:{/home/ubuntu/workspace/dev/vendor/symfony/symfony/src/Symfony/Component/Config/ResourceCheckerConfigCacheFactory.php:46}() /home/ubuntu/workspace/dev/vendor/symfony/symfony/src/Symfony/Component/Config/ResourceCheckerConfigCacheFactory.php:46
[19-Sep-2016 06:11:30 UTC] PHP  17. Symfony\Component\Routing\Router->Symfony\Component\Routing\{closure}() /home/ubuntu/workspace/dev/vendor/symfony/symfony/src/Symfony/Component/Config/ResourceCheckerConfigCacheFactory.php:46
[19-Sep-2016 06:11:30 UTC] PHP  18. Symfony\Component\Routing\Router->getMatcherDumperInstance() /home/ubuntu/workspace/dev/app/cache/dev/classes.php:1320
[19-Sep-2016 06:11:30 UTC] PHP  19. Symfony\Bundle\FrameworkBundle\Routing\Router->getRouteCollection() /home/ubuntu/workspace/dev/app/cache/dev/classes.php:1370
[19-Sep-2016 06:11:30 UTC] PHP  20. Symfony\Bundle\FrameworkBundle\Routing\DelegatingLoader->load() /home/ubuntu/workspace/dev/app/cache/dev/classes.php:1589
[19-Sep-2016 06:11:30 UTC] PHP  21. Symfony\Component\Config\Loader\DelegatingLoader->load() /home/ubuntu/workspace/dev/vendor/symfony/symfony/src/Symfony/Bundle/FrameworkBundle/Routing/DelegatingLoader.php:83
[19-Sep-2016 06:11:30 UTC] PHP  22. Symfony\Component\Routing\Loader\YamlFileLoader->load() /home/ubuntu/workspace/dev/vendor/symfony/symfony/src/Symfony/Component/Config/Loader/DelegatingLoader.php:45
[19-Sep-2016 06:11:30 UTC] PHP  23. Symfony\Component\Routing\Loader\YamlFileLoader->parseImport() /home/ubuntu/workspace/dev/vendor/symfony/symfony/src/Symfony/Component/Routing/Loader/YamlFileLoader.php:94
[19-Sep-2016 06:11:30 UTC] PHP  24. Symfony\Component\Config\Loader\FileLoader->import() /home/ubuntu/workspace/dev/vendor/symfony/symfony/src/Symfony/Component/Routing/Loader/YamlFileLoader.php:174
[19-Sep-2016 06:11:30 UTC] PHP  25. Symfony\Component\Routing\Loader\YamlFileLoader->load() /home/ubuntu/workspace/dev/vendor/symfony/symfony/src/Symfony/Component/Config/Loader/FileLoader.php:112
[19-Sep-2016 06:11:30 UTC] PHP  26. Symfony\Component\Routing\Loader\YamlFileLoader->parseImport() /home/ubuntu/workspace/dev/vendor/symfony/symfony/src/Symfony/Component/Routing/Loader/YamlFileLoader.php:94
[19-Sep-2016 06:11:30 UTC] PHP  27. Symfony\Component\Config\Loader\FileLoader->import() /home/ubuntu/workspace/dev/vendor/symfony/symfony/src/Symfony/Component/Routing/Loader/YamlFileLoader.php:174
[19-Sep-2016 06:11:30 UTC] PHP  28. Symfony\Component\Routing\Loader\AnnotationDirectoryLoader->load() /home/ubuntu/workspace/dev/vendor/symfony/symfony/src/Symfony/Component/Config/Loader/FileLoader.php:112
[19-Sep-2016 06:11:30 UTC] PHP  29. ReflectionClass->__construct() /home/ubuntu/workspace/dev/vendor/symfony/symfony/src/Symfony/Component/Routing/Loader/AnnotationDirectoryLoader.php:52
[19-Sep-2016 06:11:30 UTC] PHP  30. spl_autoload_call() /home/ubuntu/workspace/dev/vendor/symfony/symfony/src/Symfony/Component/Routing/Loader/AnnotationDirectoryLoader.php:52
[19-Sep-2016 06:11:30 UTC] PHP  31. Symfony\Component\Debug\DebugClassLoader->loadClass() /home/ubuntu/workspace/dev/vendor/symfony/symfony/src/Symfony/Component/Routing/Loader/AnnotationDirectoryLoader.php:52
[19-Sep-2016 06:11:36 UTC] PHP Parse error:  syntax error, unexpected 'public' (T_PUBLIC), expecting ')' in /home/ubuntu/workspace/dev/src/AppBundle/Controller/PublicController.php on line 108
[19-Sep-2016 06:11:36 UTC] PHP Stack trace:
[19-Sep-2016 06:11:36 UTC] PHP   1. {main}() /home/ubuntu/workspace/dev/web/app_dev.php:0
[19-Sep-2016 06:11:36 UTC] PHP   2. Symfony\Component\HttpKernel\Kernel->handle() /home/ubuntu/workspace/dev/web/app_dev.php:30
[19-Sep-2016 06:11:36 UTC] PHP   3. Symfony\Component\HttpKernel\DependencyInjection\ContainerAwareHttpKernel->handle() /home/ubuntu/workspace/dev/vendor/symfony/symfony/src/Symfony/Component/HttpKernel/Kernel.php:185
[19-Sep-2016 06:11:36 UTC] PHP   4. Symfony\Component\HttpKernel\HttpKernel->handle() /home/ubuntu/workspace/dev/vendor/symfony/symfony/src/Symfony/Component/HttpKernel/DependencyInjection/ContainerAwareHttpKernel.php:69
[19-Sep-2016 06:11:36 UTC] PHP   5. Symfony\Component\HttpKernel\HttpKernel->handleRaw() /home/ubuntu/workspace/dev/vendor/symfony/symfony/src/Symfony/Component/HttpKernel/HttpKernel.php:64
[19-Sep-2016 06:11:36 UTC] PHP   6. Symfony\Component\EventDispatcher\Debug\TraceableEventDispatcher->dispatch() /home/ubuntu/workspace/dev/vendor/symfony/symfony/src/Symfony/Component/HttpKernel/HttpKernel.php:125
[19-Sep-2016 06:11:36 UTC] PHP   7. Symfony\Component\EventDispatcher\EventDispatcher->dispatch() /home/ubuntu/workspace/dev/vendor/symfony/symfony/src/Symfony/Component/EventDispatcher/Debug/TraceableEventDispatcher.php:140
[19-Sep-2016 06:11:36 UTC] PHP   8. Symfony\Component\EventDispatcher\EventDispatcher->doDispatch() /home/ubuntu/workspace/dev/app/cache/dev/classes.php:1773
[19-Sep-2016 06:11:36 UTC] PHP   9. call_user_func:{/home/ubuntu/workspace/dev/app/cache/dev/classes.php:1858}() /home/ubuntu/workspace/dev/app/cache/dev/classes.php:1858
[19-Sep-2016 06:11:36 UTC] PHP  10. Symfony\Component\EventDispatcher\Debug\WrappedListener->__invoke() /home/ubuntu/workspace/dev/app/cache/dev/classes.php:1858
[19-Sep-2016 06:11:36 UTC] PHP  11. call_user_func:{/home/ubuntu/workspace/dev/vendor/symfony/symfony/src/Symfony/Component/EventDispatcher/Debug/WrappedListener.php:61}() /home/ubuntu/workspace/dev/vendor/symfony/symfony/src/Symfony/Component/EventDispatcher/Debug/WrappedListener.php:61
[19-Sep-2016 06:11:36 UTC] PHP  12. Symfony\Component\HttpKernel\EventListener\RouterListener->onKernelRequest() /home/ubuntu/workspace/dev/vendor/symfony/symfony/src/Symfony/Component/EventDispatcher/Debug/WrappedListener.php:61
[19-Sep-2016 06:11:36 UTC] PHP  13. Symfony\Component\Routing\Router->matchRequest() /home/ubuntu/workspace/dev/app/cache/dev/classes.php:2086
[19-Sep-2016 06:11:36 UTC] PHP  14. Symfony\Component\Routing\Router->getMatcher() /home/ubuntu/workspace/dev/app/cache/dev/classes.php:1294
[19-Sep-2016 06:11:36 UTC] PHP  15. Symfony\Component\Config\ResourceCheckerConfigCacheFactory->cache() /home/ubuntu/workspace/dev/app/cache/dev/classes.php:1330
[19-Sep-2016 06:11:36 UTC] PHP  16. call_user_func:{/home/ubuntu/workspace/dev/vendor/symfony/symfony/src/Symfony/Component/Config/ResourceCheckerConfigCacheFactory.php:46}() /home/ubuntu/workspace/dev/vendor/symfony/symfony/src/Symfony/Component/Config/ResourceCheckerConfigCacheFactory.php:46
[19-Sep-2016 06:11:36 UTC] PHP  17. Symfony\Component\Routing\Router->Symfony\Component\Routing\{closure}() /home/ubuntu/workspace/dev/vendor/symfony/symfony/src/Symfony/Component/Config/ResourceCheckerConfigCacheFactory.php:46
[19-Sep-2016 06:11:36 UTC] PHP  18. Symfony\Component\Routing\Router->getMatcherDumperInstance() /home/ubuntu/workspace/dev/app/cache/dev/classes.php:1320
[19-Sep-2016 06:11:36 UTC] PHP  19. Symfony\Bundle\FrameworkBundle\Routing\Router->getRouteCollection() /home/ubuntu/workspace/dev/app/cache/dev/classes.php:1370
[19-Sep-2016 06:11:36 UTC] PHP  20. Symfony\Bundle\FrameworkBundle\Routing\DelegatingLoader->load() /home/ubuntu/workspace/dev/app/cache/dev/classes.php:1589
[19-Sep-2016 06:11:36 UTC] PHP  21. Symfony\Component\Config\Loader\DelegatingLoader->load() /home/ubuntu/workspace/dev/vendor/symfony/symfony/src/Symfony/Bundle/FrameworkBundle/Routing/DelegatingLoader.php:83
[19-Sep-2016 06:11:36 UTC] PHP  22. Symfony\Component\Routing\Loader\YamlFileLoader->load() /home/ubuntu/workspace/dev/vendor/symfony/symfony/src/Symfony/Component/Config/Loader/DelegatingLoader.php:45
[19-Sep-2016 06:11:36 UTC] PHP  23. Symfony\Component\Routing\Loader\YamlFileLoader->parseImport() /home/ubuntu/workspace/dev/vendor/symfony/symfony/src/Symfony/Component/Routing/Loader/YamlFileLoader.php:94
[19-Sep-2016 06:11:36 UTC] PHP  24. Symfony\Component\Config\Loader\FileLoader->import() /home/ubuntu/workspace/dev/vendor/symfony/symfony/src/Symfony/Component/Routing/Loader/YamlFileLoader.php:174
[19-Sep-2016 06:11:36 UTC] PHP  25. Symfony\Component\Routing\Loader\YamlFileLoader->load() /home/ubuntu/workspace/dev/vendor/symfony/symfony/src/Symfony/Component/Config/Loader/FileLoader.php:112
[19-Sep-2016 06:11:36 UTC] PHP  26. Symfony\Component\Routing\Loader\YamlFileLoader->parseImport() /home/ubuntu/workspace/dev/vendor/symfony/symfony/src/Symfony/Component/Routing/Loader/YamlFileLoader.php:94
[19-Sep-2016 06:11:36 UTC] PHP  27. Symfony\Component\Config\Loader\FileLoader->import() /home/ubuntu/workspace/dev/vendor/symfony/symfony/src/Symfony/Component/Routing/Loader/YamlFileLoader.php:174
[19-Sep-2016 06:11:36 UTC] PHP  28. Symfony\Component\Routing\Loader\AnnotationDirectoryLoader->load() /home/ubuntu/workspace/dev/vendor/symfony/symfony/src/Symfony/Component/Config/Loader/FileLoader.php:112
[19-Sep-2016 06:11:36 UTC] PHP  29. ReflectionClass->__construct() /home/ubuntu/workspace/dev/vendor/symfony/symfony/src/Symfony/Component/Routing/Loader/AnnotationDirectoryLoader.php:52
[19-Sep-2016 06:11:36 UTC] PHP  30. spl_autoload_call() /home/ubuntu/workspace/dev/vendor/symfony/symfony/src/Symfony/Component/Routing/Loader/AnnotationDirectoryLoader.php:52
[19-Sep-2016 06:11:36 UTC] PHP  31. Symfony\Component\Debug\DebugClassLoader->loadClass() /home/ubuntu/workspace/dev/vendor/symfony/symfony/src/Symfony/Component/Routing/Loader/AnnotationDirectoryLoader.php:52
[19-Sep-2016 06:12:34 UTC] PHP Parse error:  syntax error, unexpected 'public' (T_PUBLIC) in /home/ubuntu/workspace/dev/src/AppBundle/Controller/PublicController.php on line 108
[19-Sep-2016 06:12:34 UTC] PHP Stack trace:
[19-Sep-2016 06:12:34 UTC] PHP   1. {main}() /home/ubuntu/workspace/dev/web/app_dev.php:0
[19-Sep-2016 06:12:34 UTC] PHP   2. Symfony\Component\HttpKernel\Kernel->handle() /home/ubuntu/workspace/dev/web/app_dev.php:30
[19-Sep-2016 06:12:34 UTC] PHP   3. Symfony\Component\HttpKernel\DependencyInjection\ContainerAwareHttpKernel->handle() /home/ubuntu/workspace/dev/vendor/symfony/symfony/src/Symfony/Component/HttpKernel/Kernel.php:185
[19-Sep-2016 06:12:34 UTC] PHP   4. Symfony\Component\HttpKernel\HttpKernel->handle() /home/ubuntu/workspace/dev/vendor/symfony/symfony/src/Symfony/Component/HttpKernel/DependencyInjection/ContainerAwareHttpKernel.php:69
[19-Sep-2016 06:12:34 UTC] PHP   5. Symfony\Component\HttpKernel\HttpKernel->handleRaw() /home/ubuntu/workspace/dev/vendor/symfony/symfony/src/Symfony/Component/HttpKernel/HttpKernel.php:64
[19-Sep-2016 06:12:34 UTC] PHP   6. Symfony\Component\EventDispatcher\Debug\TraceableEventDispatcher->dispatch() /home/ubuntu/workspace/dev/vendor/symfony/symfony/src/Symfony/Component/HttpKernel/HttpKernel.php:125
[19-Sep-2016 06:12:34 UTC] PHP   7. Symfony\Component\EventDispatcher\EventDispatcher->dispatch() /home/ubuntu/workspace/dev/vendor/symfony/symfony/src/Symfony/Component/EventDispatcher/Debug/TraceableEventDispatcher.php:140
[19-Sep-2016 06:12:34 UTC] PHP   8. Symfony\Component\EventDispatcher\EventDispatcher->doDispatch() /home/ubuntu/workspace/dev/app/cache/dev/classes.php:1773
[19-Sep-2016 06:12:34 UTC] PHP   9. call_user_func:{/home/ubuntu/workspace/dev/app/cache/dev/classes.php:1858}() /home/ubuntu/workspace/dev/app/cache/dev/classes.php:1858
[19-Sep-2016 06:12:34 UTC] PHP  10. Symfony\Component\EventDispatcher\Debug\WrappedListener->__invoke() /home/ubuntu/workspace/dev/app/cache/dev/classes.php:1858
[19-Sep-2016 06:12:34 UTC] PHP  11. call_user_func:{/home/ubuntu/workspace/dev/vendor/symfony/symfony/src/Symfony/Component/EventDispatcher/Debug/WrappedListener.php:61}() /home/ubuntu/workspace/dev/vendor/symfony/symfony/src/Symfony/Component/EventDispatcher/Debug/WrappedListener.php:61
[19-Sep-2016 06:12:34 UTC] PHP  12. Symfony\Component\HttpKernel\EventListener\RouterListener->onKernelRequest() /home/ubuntu/workspace/dev/vendor/symfony/symfony/src/Symfony/Component/EventDispatcher/Debug/WrappedListener.php:61
[19-Sep-2016 06:12:34 UTC] PHP  13. Symfony\Component\Routing\Router->matchRequest() /home/ubuntu/workspace/dev/app/cache/dev/classes.php:2086
[19-Sep-2016 06:12:34 UTC] PHP  14. Symfony\Component\Routing\Router->getMatcher() /home/ubuntu/workspace/dev/app/cache/dev/classes.php:1294
[19-Sep-2016 06:12:34 UTC] PHP  15. Symfony\Component\Config\ResourceCheckerConfigCacheFactory->cache() /home/ubuntu/workspace/dev/app/cache/dev/classes.php:1330
[19-Sep-2016 06:12:34 UTC] PHP  16. call_user_func:{/home/ubuntu/workspace/dev/vendor/symfony/symfony/src/Symfony/Component/Config/ResourceCheckerConfigCacheFactory.php:46}() /home/ubuntu/workspace/dev/vendor/symfony/symfony/src/Symfony/Component/Config/ResourceCheckerConfigCacheFactory.php:46
[19-Sep-2016 06:12:34 UTC] PHP  17. Symfony\Component\Routing\Router->Symfony\Component\Routing\{closure}() /home/ubuntu/workspace/dev/vendor/symfony/symfony/src/Symfony/Component/Config/ResourceCheckerConfigCacheFactory.php:46
[19-Sep-2016 06:12:34 UTC] PHP  18. Symfony\Component\Routing\Router->getMatcherDumperInstance() /home/ubuntu/workspace/dev/app/cache/dev/classes.php:1320
[19-Sep-2016 06:12:34 UTC] PHP  19. Symfony\Bundle\FrameworkBundle\Routing\Router->getRouteCollection() /home/ubuntu/workspace/dev/app/cache/dev/classes.php:1370
[19-Sep-2016 06:12:34 UTC] PHP  20. Symfony\Bundle\FrameworkBundle\Routing\DelegatingLoader->load() /home/ubuntu/workspace/dev/app/cache/dev/classes.php:1589
[19-Sep-2016 06:12:34 UTC] PHP  21. Symfony\Component\Config\Loader\DelegatingLoader->load() /home/ubuntu/workspace/dev/vendor/symfony/symfony/src/Symfony/Bundle/FrameworkBundle/Routing/DelegatingLoader.php:83
[19-Sep-2016 06:12:34 UTC] PHP  22. Symfony\Component\Routing\Loader\YamlFileLoader->load() /home/ubuntu/workspace/dev/vendor/symfony/symfony/src/Symfony/Component/Config/Loader/DelegatingLoader.php:45
[19-Sep-2016 06:12:34 UTC] PHP  23. Symfony\Component\Routing\Loader\YamlFileLoader->parseImport() /home/ubuntu/workspace/dev/vendor/symfony/symfony/src/Symfony/Component/Routing/Loader/YamlFileLoader.php:94
[19-Sep-2016 06:12:34 UTC] PHP  24. Symfony\Component\Config\Loader\FileLoader->import() /home/ubuntu/workspace/dev/vendor/symfony/symfony/src/Symfony/Component/Routing/Loader/YamlFileLoader.php:174
[19-Sep-2016 06:12:34 UTC] PHP  25. Symfony\Component\Routing\Loader\YamlFileLoader->load() /home/ubuntu/workspace/dev/vendor/symfony/symfony/src/Symfony/Component/Config/Loader/FileLoader.php:112
[19-Sep-2016 06:12:34 UTC] PHP  26. Symfony\Component\Routing\Loader\YamlFileLoader->parseImport() /home/ubuntu/workspace/dev/vendor/symfony/symfony/src/Symfony/Component/Routing/Loader/YamlFileLoader.php:94
[19-Sep-2016 06:12:34 UTC] PHP  27. Symfony\Component\Config\Loader\FileLoader->import() /home/ubuntu/workspace/dev/vendor/symfony/symfony/src/Symfony/Component/Routing/Loader/YamlFileLoader.php:174
[19-Sep-2016 06:12:34 UTC] PHP  28. Symfony\Component\Routing\Loader\AnnotationDirectoryLoader->load() /home/ubuntu/workspace/dev/vendor/symfony/symfony/src/Symfony/Component/Config/Loader/FileLoader.php:112
[19-Sep-2016 06:12:34 UTC] PHP  29. ReflectionClass->__construct() /home/ubuntu/workspace/dev/vendor/symfony/symfony/src/Symfony/Component/Routing/Loader/AnnotationDirectoryLoader.php:52
[19-Sep-2016 06:12:34 UTC] PHP  30. spl_autoload_call() /home/ubuntu/workspace/dev/vendor/symfony/symfony/src/Symfony/Component/Routing/Loader/AnnotationDirectoryLoader.php:52
[19-Sep-2016 06:12:34 UTC] PHP  31. Symfony\Component\Debug\DebugClassLoader->loadClass() /home/ubuntu/workspace/dev/vendor/symfony/symfony/src/Symfony/Component/Routing/Loader/AnnotationDirectoryLoader.php:52
